INFO  [alembic.runtime.migration] Context impl SQLiteImpl.
INFO  [alembic.runtime.migration] Will assume non-transactional DDL.
INFO  [alembic.runtime.migration] Running upgrade ba82ab28b52f -> be7b73b5fe11, Add planning, memory models
Traceback (most recent call last):
  File "C:\Users\djklm\AppData\Local\Programs\Python\Python310\lib\site-packages\sqlalchemy\engine\base.py", line 1967, in _exec_single_context
    self.dialect.do_execute(
  File "C:\Users\djklm\AppData\Local\Programs\Python\Python310\lib\site-packages\sqlalchemy\engine\default.py", line 951, in do_execute
    cursor.execute(statement, parameters)
sqlite3.OperationalError: table thread_task_memory_entries already exists

The above exception was the direct cause of the following exception:

Traceback (most recent call last):
  File "C:\Users\djklm\AppData\Local\Programs\Python\Python310\lib\runpy.py", line 196, in _run_module_as_main
    return _run_code(code, main_globals, None,
  File "C:\Users\djklm\AppData\Local\Programs\Python\Python310\lib\runpy.py", line 86, in _run_code
    exec(code, run_globals)
  File "C:\Users\djklm\AppData\Local\Programs\Python\Python310\Scripts\alembic.exe\__main__.py", line 6, in <module>
    sys.exit(main())
  File "C:\Users\djklm\AppData\Local\Programs\Python\Python310\lib\site-packages\alembic\config.py", line 1033, in main
    CommandLine(prog=prog).main(argv=argv)
  File "C:\Users\djklm\AppData\Local\Programs\Python\Python310\lib\site-packages\alembic\config.py", line 1023, in main
    self.run_cmd(cfg, options)
  File "C:\Users\djklm\AppData\Local\Programs\Python\Python310\lib\site-packages\alembic\config.py", line 957, in run_cmd
    fn(
  File "C:\Users\djklm\AppData\Local\Programs\Python\Python310\lib\site-packages\alembic\command.py", line 483, in upgrade
    script.run_env()
  File "C:\Users\djklm\AppData\Local\Programs\Python\Python310\lib\site-packages\alembic\script\base.py", line 545, in run_env
    util.load_python_file(self.dir, "env.py")
  File "C:\Users\djklm\AppData\Local\Programs\Python\Python310\lib\site-packages\alembic\util\pyfiles.py", line 116, in load_python_file
    module = load_module_py(module_id, path)
  File "C:\Users\djklm\AppData\Local\Programs\Python\Python310\lib\site-packages\alembic\util\pyfiles.py", line 136, in load_module_py
    spec.loader.exec_module(module)  # type: ignore
  File "<frozen importlib._bootstrap_external>", line 883, in exec_module
  File "<frozen importlib._bootstrap>", line 241, in _call_with_frames_removed
  File "C:\arkaios\arkaios-neural-agent-1\backend\alembic\env.py", line 98, in <module>
    run_migrations_online()
  File "C:\arkaios\arkaios-neural-agent-1\backend\alembic\env.py", line 92, in run_migrations_online
    context.run_migrations()
  File "<string>", line 8, in run_migrations
  File "C:\Users\djklm\AppData\Local\Programs\Python\Python310\lib\site-packages\alembic\runtime\environment.py", line 946, in run_migrations
    self.get_context().run_migrations(**kw)
  File "C:\Users\djklm\AppData\Local\Programs\Python\Python310\lib\site-packages\alembic\runtime\migration.py", line 627, in run_migrations
    step.migration_fn(**kw)
  File "C:\arkaios\arkaios-neural-agent-1\backend\alembic\versions\be7b73b5fe11_add_planning_memory_models.py", line 25, in upgrade
    op.create_table('thread_task_memory_entries',
  File "<string>", line 8, in create_table
  File "<string>", line 3, in create_table
  File "C:\Users\djklm\AppData\Local\Programs\Python\Python310\lib\site-packages\alembic\operations\ops.py", line 1332, in create_table
    return operations.invoke(op)
  File "C:\Users\djklm\AppData\Local\Programs\Python\Python310\lib\site-packages\alembic\operations\base.py", line 454, in invoke
    return fn(self, operation)
  File "C:\Users\djklm\AppData\Local\Programs\Python\Python310\lib\site-packages\alembic\operations\toimpl.py", line 135, in create_table
    operations.impl.create_table(table, **kw)
  File "C:\Users\djklm\AppData\Local\Programs\Python\Python310\lib\site-packages\alembic\ddl\impl.py", line 423, in create_table
    self._exec(schema.CreateTable(table, **kw))
  File "C:\Users\djklm\AppData\Local\Programs\Python\Python310\lib\site-packages\alembic\ddl\impl.py", line 246, in _exec
    return conn.execute(construct, params)
  File "C:\Users\djklm\AppData\Local\Programs\Python\Python310\lib\site-packages\sqlalchemy\engine\base.py", line 1419, in execute
    return meth(
  File "C:\Users\djklm\AppData\Local\Programs\Python\Python310\lib\site-packages\sqlalchemy\sql\ddl.py", line 187, in _execute_on_connection
    return connection._execute_ddl(
  File "C:\Users\djklm\AppData\Local\Programs\Python\Python310\lib\site-packages\sqlalchemy\engine\base.py", line 1530, in _execute_ddl
    ret = self._execute_context(
  File "C:\Users\djklm\AppData\Local\Programs\Python\Python310\lib\site-packages\sqlalchemy\engine\base.py", line 1846, in _execute_context
    return self._exec_single_context(
  File "C:\Users\djklm\AppData\Local\Programs\Python\Python310\lib\site-packages\sqlalchemy\engine\base.py", line 1986, in _exec_single_context
    self._handle_dbapi_exception(
  File "C:\Users\djklm\AppData\Local\Programs\Python\Python310\lib\site-packages\sqlalchemy\engine\base.py", line 2355, in _handle_dbapi_exception
    raise sqlalchemy_exception.with_traceback(exc_info[2]) from e
  File "C:\Users\djklm\AppData\Local\Programs\Python\Python310\lib\site-packages\sqlalchemy\engine\base.py", line 1967, in _exec_single_context
    self.dialect.do_execute(
  File "C:\Users\djklm\AppData\Local\Programs\Python\Python310\lib\site-packages\sqlalchemy\engine\default.py", line 951, in do_execute
    cursor.execute(statement, parameters)
sqlalchemy.exc.OperationalError: (sqlite3.OperationalError) table thread_task_memory_entries already exists
[SQL: 
CREATE TABLE thread_task_memory_entries (
	id INTEGER NOT NULL, 
	thread_task_id INTEGER, 
	text TEXT NOT NULL, 
	created_at DATETIME, 
	updated_at DATETIME, 
	PRIMARY KEY (id), 
	FOREIGN KEY(thread_task_id) REFERENCES thread_tasks (id)
)

]
(Background on this error at: https://sqlalche.me/e/20/e3q8)
